#
# There is insufficient memory for the Java Runtime Environment to continue.
# Native memory allocation (mmap) failed to map 49283072 bytes for committing reserved memory.
# Possible reasons:
#   The system is out of physical RAM or swap space
#   In 32 bit mode, the process size limit was hit
# Possible solutions:
#   Reduce memory load on the system
#   Increase physical memory or swap space
#   Check if swap backing store is full
#   Use 64 bit Java on a 64 bit OS
#   Decrease Java heap size (-Xmx/-Xms)
#   Decrease number of Java threads
#   Decrease Java thread stack sizes (-Xss)
#   Set larger code cache with -XX:ReservedCodeCacheSize=
# This output file may be truncated or incomplete.
#
#  Out of Memory Error (os_linux.cpp:2640), pid=9628, tid=0x00007f186fefe700
#
# JRE version: Java(TM) SE Runtime Environment (8.0_181-b13) (build 1.8.0_181-b13)
# Java VM: Java HotSpot(TM) 64-Bit Server VM (25.181-b13 mixed mode linux-amd64 compressed oops)
# Failed to write core dump. Core dumps have been disabled. To enable core dumping, try "ulimit -c unlimited" before starting Java again
#

---------------  T H R E A D  ---------------

Current thread (0x00007f188c079800):  VMThread [stack: 0x00007f186fdfe000,0x00007f186feff000] [id=9657]

Stack: [0x00007f186fdfe000,0x00007f186feff000],  sp=0x00007f186fefd2d0,  free space=1020k
Native frames: (J=compiled Java code, j=interpreted, Vv=VM code, C=native code)
V  [libjvm.so+0xad21aa]  VMError::report_and_die()+0x2ba
V  [libjvm.so+0x5022db]  report_vm_out_of_memory(char const*, int, unsigned long, VMErrorType, char const*)+0x8b
V  [libjvm.so+0x92fe33]  os::Linux::commit_memory_impl(char*, unsigned long, bool)+0x123
V  [libjvm.so+0x930059]  os::pd_commit_memory(char*, unsigned long, unsigned long, bool)+0x29
V  [libjvm.so+0x9272ba]  os::commit_memory(char*, unsigned long, unsigned long, bool)+0x2a
V  [libjvm.so+0x99d2e3]  PSVirtualSpace::expand_by(unsigned long)+0x53
V  [libjvm.so+0x99e6e8]  PSYoungGen::resize_generation(unsigned long, unsigned long)+0xf8
V  [libjvm.so+0x99d842]  PSYoungGen::resize(unsigned long, unsigned long)+0x22
V  [libjvm.so+0x99ab1b]  PSScavenge::invoke_no_policy()+0xf3b
V  [libjvm.so+0x99b2a1]  PSScavenge::invoke()+0x41
V  [libjvm.so+0x951d70]  ParallelScavengeHeap::failed_mem_allocate(unsigned long)+0x70
V  [libjvm.so+0xad3c27]  VM_ParallelGCFailedAllocation::doit()+0x97
V  [libjvm.so+0xadb745]  VM_Operation::evaluate()+0x55
V  [libjvm.so+0xad9b0a]  VMThread::evaluate_operation(VM_Operation*)+0xba
V  [libjvm.so+0xad9e8e]  VMThread::loop()+0x1ce
V  [libjvm.so+0xada300]  VMThread::run()+0x70
V  [libjvm.so+0x930198]  java_start(Thread*)+0x108

VM_Operation (0x00007f18936ee840): ParallelGCFailedAllocation, mode: safepoint, requested by thread 0x00007f188c00b000


---------------  P R O C E S S  ---------------

Java Threads: ( => current thread )
  0x00007f188c0c2800 JavaThread "Service Thread" daemon [_thread_blocked, id=9664, stack(0x00007f186f2ea000,0x00007f186f3eb000)]
  0x00007f188c0bf800 JavaThread "C1 CompilerThread2" daemon [_thread_blocked, id=9663, stack(0x00007f186f3eb000,0x00007f186f4ec000)]
  0x00007f188c0bd800 JavaThread "C2 CompilerThread1" daemon [_thread_blocked, id=9662, stack(0x00007f186f4ec000,0x00007f186f5ed000)]
  0x00007f188c0bb000 JavaThread "C2 CompilerThread0" daemon [_thread_blocked, id=9661, stack(0x00007f186f5ed000,0x00007f186f6ee000)]
  0x00007f188c0b9800 JavaThread "Signal Dispatcher" daemon [_thread_blocked, id=9660, stack(0x00007f186f6ee000,0x00007f186f7ef000)]
  0x00007f188c085800 JavaThread "Finalizer" daemon [_thread_blocked, id=9659, stack(0x00007f186fbfc000,0x00007f186fcfd000)]
  0x00007f188c083000 JavaThread "Reference Handler" daemon [_thread_blocked, id=9658, stack(0x00007f186fcfd000,0x00007f186fdfe000)]
  0x00007f188c00b000 JavaThread "main" [_thread_blocked, id=9652, stack(0x00007f18935f5000,0x00007f18936f6000)]

Other Threads:
=>0x00007f188c079800 VMThread [stack: 0x00007f186fdfe000,0x00007f186feff000] [id=9657]
  0x00007f188c0c7800 WatcherThread [stack: 0x00007f186f1e9000,0x00007f186f2ea000] [id=9665]

VM state:at safepoint (normal execution)

VM Mutex/Monitor currently owned by a thread:  ([mutex/lock_event])
[0x00007f188c007a00] Threads_lock - owner thread: 0x00007f188c079800
[0x00007f188c007f00] Heap_lock - owner thread: 0x00007f188c00b000

Heap:
 PSYoungGen      total 51712K, used 3568K [0x00000000e1800000, 0x00000000e4e00000, 0x0000000100000000)
  eden space 48128K, 0% used [0x00000000e1800000,0x00000000e1800000,0x00000000e4700000)
  from space 3584K, 99% used [0x00000000e4700000,0x00000000e4a7c010,0x00000000e4a80000)
  to   space 3584K, 0% used [0x00000000e4a80000,0x00000000e4a80000,0x00000000e4e00000)
 ParOldGen       total 62976K, used 5204K [0x00000000a4800000, 0x00000000a8580000, 0x00000000e1800000)
  object space 62976K, 8% used [0x00000000a4800000,0x00000000a4d153f8,0x00000000a8580000)
 Metaspace       used 14325K, capacity 14538K, committed 14720K, reserved 1062912K
  class space    used 1791K, capacity 1872K, committed 1920K, reserved 1048576K

Card table byte_map: [0x00007f1890041000,0x00007f189031e000] byte_map_base: 0x00007f188fb1d000

Marking Bits: (ParMarkBitMap*) 0x00007f1892aa80a0
 Begin Bits: [0x00007f1875240000, 0x00007f1876920000)
 End Bits:   [0x00007f1876920000, 0x00007f1878000000)

Polling page: 0x00007f1893714000

CodeCache: size=245760Kb used=6074Kb max_used=6074Kb free=239685Kb
 bounds [0x00007f187d000000, 0x00007f187d600000, 0x00007f188c000000]
 total_blobs=2052 nmethods=1731 adapters=234
 compilation: enabled

Compilation events (10 events):
Event: 28,413 Thread 0x00007f188c0bf800 1753       3       com.google.inject.internal.cglib.core.$CodeEmitter::visitMaxs (23 bytes)
Event: 28,413 Thread 0x00007f188c0bf800 nmethod 1753 0x00007f187d5e50d0 code [0x00007f187d5e5260, 0x00007f187d5e5588]
Event: 28,413 Thread 0x00007f188c0bf800 1754       3       com.google.inject.internal.cglib.core.$TypeUtils::isAbstract (14 bytes)
Event: 28,413 Thread 0x00007f188c0bf800 nmethod 1754 0x00007f187d5ef590 code [0x00007f187d5ef700, 0x00007f187d5ef890]
Event: 28,413 Thread 0x00007f188c0bf800 1756       3       com.google.inject.internal.asm.$MethodWriter::a (864 bytes)
Event: 28,415 Thread 0x00007f188c0bf800 nmethod 1756 0x00007f187d5ef910 code [0x00007f187d5efd40, 0x00007f187d5f1968]
Event: 28,415 Thread 0x00007f188c0bf800 1755       3       com.google.inject.internal.cglib.core.$CodeEmitter::<init> (37 bytes)
Event: 28,415 Thread 0x00007f188c0bf800 nmethod 1755 0x00007f187d5f2610 code [0x00007f187d5f27a0, 0x00007f187d5f2af8]
Event: 28,415 Thread 0x00007f188c0bf800 1758       1       java.util.logging.Level::intValue (5 bytes)
Event: 28,415 Thread 0x00007f188c0bf800 nmethod 1758 0x00007f187d5e1d90 code [0x00007f187d5e1ee0, 0x00007f187d5e1ff0]

GC Heap History (5 events):
Event: 0,698 GC heap before
{Heap before GC invocations=1 (full 0):
 PSYoungGen      total 27648K, used 24064K [0x00000000e1800000, 0x00000000e3680000, 0x0000000100000000)
  eden space 24064K, 100% used [0x00000000e1800000,0x00000000e2f80000,0x00000000e2f80000)
  from space 3584K, 0% used [0x00000000e3300000,0x00000000e3300000,0x00000000e3680000)
  to   space 3584K, 0% used [0x00000000e2f80000,0x00000000e2f80000,0x00000000e3300000)
 ParOldGen       total 62976K, used 0K [0x00000000a4800000, 0x00000000a8580000, 0x00000000e1800000)
  object space 62976K, 0% used [0x00000000a4800000,0x00000000a4800000,0x00000000a8580000)
 Metaspace       used 7732K, capacity 7836K, committed 7936K, reserved 1056768K
  class space    used 947K, capacity 1016K, committed 1024K, reserved 1048576K
Event: 0,722 GC heap after
Heap after GC invocations=1 (full 0):
 PSYoungGen      total 27648K, used 3567K [0x00000000e1800000, 0x00000000e4e00000, 0x0000000100000000)
  eden space 24064K, 0% used [0x00000000e1800000,0x00000000e1800000,0x00000000e2f80000)
  from space 3584K, 99% used [0x00000000e2f80000,0x00000000e32fbc20,0x00000000e3300000)
  to   space 3584K, 0% used [0x00000000e4a80000,0x00000000e4a80000,0x00000000e4e00000)
 ParOldGen       total 62976K, used 684K [0x00000000a4800000, 0x00000000a8580000, 0x00000000e1800000)
  object space 62976K, 1% used [0x00000000a4800000,0x00000000a48ab030,0x00000000a8580000)
 Metaspace       used 7732K, capacity 7836K, committed 7936K, reserved 1056768K
  class space    used 947K, capacity 1016K, committed 1024K, reserved 1048576K
}
Event: 1,116 GC heap before
{Heap before GC invocations=2 (full 0):
 PSYoungGen      total 27648K, used 27631K [0x00000000e1800000, 0x00000000e4e00000, 0x0000000100000000)
  eden space 24064K, 100% used [0x00000000e1800000,0x00000000e2f80000,0x00000000e2f80000)
  from space 3584K, 99% used [0x00000000e2f80000,0x00000000e32fbc20,0x00000000e3300000)
  to   space 3584K, 0% used [0x00000000e4a80000,0x00000000e4a80000,0x00000000e4e00000)
 ParOldGen       total 62976K, used 684K [0x00000000a4800000, 0x00000000a8580000, 0x00000000e1800000)
  object space 62976K, 1% used [0x00000000a4800000,0x00000000a48ab030,0x00000000a8580000)
 Metaspace       used 9540K, capacity 9684K, committed 9728K, reserved 1058816K
  class space    used 1177K, capacity 1245K, committed 1280K, reserved 1048576K
Event: 1,133 GC heap after
Heap after GC invocations=2 (full 0):
 PSYoungGen      total 51712K, used 3575K [0x00000000e1800000, 0x00000000e4e00000, 0x0000000100000000)
  eden space 48128K, 0% used [0x00000000e1800000,0x00000000e1800000,0x00000000e4700000)
  from space 3584K, 99% used [0x00000000e4a80000,0x00000000e4dfde70,0x00000000e4e00000)
  to   space 3584K, 0% used [0x00000000e4700000,0x00000000e4700000,0x00000000e4a80000)
 ParOldGen       total 62976K, used 1435K [0x00000000a4800000, 0x00000000a8580000, 0x00000000e1800000)
  object space 62976K, 2% used [0x00000000a4800000,0x00000000a4966c30,0x00000000a8580000)
 Metaspace       used 9540K, capacity 9684K, committed 9728K, reserved 1058816K
  class space    used 1177K, capacity 1245K, committed 1280K, reserved 1048576K
}
Event: 28,424 GC heap before
{Heap before GC invocations=3 (full 0):
 PSYoungGen      total 51712K, used 51703K [0x00000000e1800000, 0x00000000e4e00000, 0x0000000100000000)
  eden space 48128K, 100% used [0x00000000e1800000,0x00000000e4700000,0x00000000e4700000)
  from space 3584K, 99% used [0x00000000e4a80000,0x00000000e4dfde70,0x00000000e4e00000)
  to   space 3584K, 0% used [0x00000000e4700000,0x00000000e4700000,0x00000000e4a80000)
 ParOldGen       total 62976K, used 1435K [0x00000000a4800000, 0x00000000a8580000, 0x00000000e1800000)
  object space 62976K, 2% used [0x00000000a4800000,0x00000000a4966c30,0x00000000a8580000)
 Metaspace       used 14325K, capacity 14538K, committed 14720K, reserved 1062912K
  class space    used 1791K, capacity 1872K, committed 1920K, reserved 1048576K

Deoptimization events (10 events):
Event: 0,642 Thread 0x00007f188c00b000 Uncommon trap: reason=unstable_if action=reinterpret pc=0x00007f187d25cb9c method=java.util.HashMap.getNode(ILjava/lang/Object;)Ljava/util/HashMap$Node; @ 129
Event: 0,660 Thread 0x00007f188c00b000 Uncommon trap: reason=unstable_if action=reinterpret pc=0x00007f187d1add88 method=org.codehaus.plexus.util.xml.pull.MXParser.more()C @ 8
Event: 0,805 Thread 0x00007f188c00b000 Uncommon trap: reason=unstable_if action=reinterpret pc=0x00007f187d2c2e68 method=org.codehaus.plexus.util.xml.pull.MXParser.nextImpl()I @ 200
Event: 0,839 Thread 0x00007f188c00b000 Uncommon trap: reason=range_check action=make_not_entrant pc=0x00007f187d2615c0 method=sun.reflect.generics.parser.SignatureParser.current()C @ 34
Event: 1,616 Thread 0x00007f188c00b000 Uncommon trap: reason=unstable_if action=reinterpret pc=0x00007f187d36cdf4 method=java.util.concurrent.ConcurrentHashMap.putVal(Ljava/lang/Object;Ljava/lang/Object;Z)Ljava/lang/Object; @ 206
Event: 14,150 Thread 0x00007f188c00b000 Uncommon trap: reason=unstable_if action=reinterpret pc=0x00007f187d492b58 method=com.google.inject.internal.asm.$Item.a(Lcom/google/inject/internal/asm/$Item;)Z @ 345
Event: 26,653 Thread 0x00007f188c00b000 Uncommon trap: reason=bimorphic action=maybe_recompile pc=0x00007f187d4440f0 method=java.lang.ClassLoader.loadClass(Ljava/lang/String;Z)Ljava/lang/Class; @ 38
Event: 26,660 Thread 0x00007f188c00b000 Uncommon trap: reason=bimorphic action=maybe_recompile pc=0x00007f187d4440f0 method=java.lang.ClassLoader.loadClass(Ljava/lang/String;Z)Ljava/lang/Class; @ 38
Event: 26,660 Thread 0x00007f188c00b000 Uncommon trap: reason=bimorphic action=maybe_recompile pc=0x00007f187d4440f0 method=java.lang.ClassLoader.loadClass(Ljava/lang/String;Z)Ljava/lang/Class; @ 38
Event: 26,660 Thread 0x00007f188c00b000 Uncommon trap: reason=bimorphic action=maybe_recompile pc=0x00007f187d4440f0 method=java.lang.ClassLoader.loadClass(Ljava/lang/String;Z)Ljava/lang/Class; @ 38

Classes redefined (0 events):
No events

Internal exceptions (10 events):
Event: 0,646 Thread 0x00007f188c00b000 Exception <a 'java/lang/ArrayIndexOutOfBoundsException'> (0x00000000e2c966c0) thrown at [/HUDSON/workspace/8-2-build-linux-amd64/jdk8u181/11358/hotspot/src/share/vm/runtime/sharedRuntime.cpp, line 605]
Event: 0,646 Thread 0x00007f188c00b000 Exception <a 'java/lang/ArrayIndexOutOfBoundsException'> (0x00000000e2c97e00) thrown at [/HUDSON/workspace/8-2-build-linux-amd64/jdk8u181/11358/hotspot/src/share/vm/runtime/sharedRuntime.cpp, line 605]
Event: 0,647 Thread 0x00007f188c00b000 Exception <a 'java/lang/ArrayIndexOutOfBoundsException'> (0x00000000e2c995c8) thrown at [/HUDSON/workspace/8-2-build-linux-amd64/jdk8u181/11358/hotspot/src/share/vm/runtime/sharedRuntime.cpp, line 605]
Event: 0,647 Thread 0x00007f188c00b000 Exception <a 'java/lang/ArrayIndexOutOfBoundsException'> (0x00000000e2c9b318) thrown at [/HUDSON/workspace/8-2-build-linux-amd64/jdk8u181/11358/hotspot/src/share/vm/runtime/sharedRuntime.cpp, line 605]
Event: 0,647 Thread 0x00007f188c00b000 Exception <a 'java/lang/ArrayIndexOutOfBoundsException'> (0x00000000e2c9c870) thrown at [/HUDSON/workspace/8-2-build-linux-amd64/jdk8u181/11358/hotspot/src/share/vm/runtime/sharedRuntime.cpp, line 605]
Event: 0,839 Thread 0x00007f188c00b000 Exception <a 'java/lang/ArrayIndexOutOfBoundsException': 73> (0x00000000e216ab18) thrown at [/HUDSON/workspace/8-2-build-linux-amd64/jdk8u181/11358/hotspot/src/share/vm/interpreter/interpreterRuntime.cpp, line 366]
Event: 0,839 Thread 0x00007f188c00b000 Exception <a 'java/lang/ArrayIndexOutOfBoundsException': 131> (0x00000000e216c4c0) thrown at [/HUDSON/workspace/8-2-build-linux-amd64/jdk8u181/11358/hotspot/src/share/vm/interpreter/interpreterRuntime.cpp, line 366]
Event: 2,195 Thread 0x00007f188c00b000 Exception <a 'java/lang/NoClassDefFoundError': com/google/inject/servlet/ServletModuleTargetVisitor> (0x00000000e39bcab8) thrown at [/HUDSON/workspace/8-2-build-linux-amd64/jdk8u181/11358/hotspot/src/share/vm/classfile/systemDictionary.cpp, line 199]
Event: 2,196 Thread 0x00007f188c00b000 Exception <a 'java/lang/NoClassDefFoundError'> (0x00000000e39bcab8) thrown at [/HUDSON/workspace/8-2-build-linux-amd64/jdk8u181/11358/hotspot/src/share/vm/prims/jvm.cpp, line 1439]
Event: 2,196 Thread 0x00007f188c00b000 Exception <a 'java/lang/NoClassDefFoundError': javax/annotation/Priority> (0x00000000e39c1378) thrown at [/HUDSON/workspace/8-2-build-linux-amd64/jdk8u181/11358/hotspot/src/share/vm/classfile/systemDictionary.cpp, line 199]

Events (10 events):
Event: 28,325 loading class org/apache/maven/plugin/descriptor/InvalidPluginDescriptorException done
Event: 28,348 loading class org/apache/maven/project/RepositorySessionDecorator
Event: 28,348 loading class org/apache/maven/project/RepositorySessionDecorator done
Event: 28,360 loading class org/apache/maven/plugin/CompoundMojoExecutionListener
Event: 28,360 loading class org/apache/maven/plugin/CompoundMojoExecutionListener done
Event: 28,384 loading class org/eclipse/aether/internal/impl/SimpleLocalRepositoryManager
Event: 28,384 loading class org/eclipse/aether/internal/impl/SimpleLocalRepositoryManager done
Event: 28,390 loading class org/eclipse/sisu/plexus/PlexusLifecycleManager$1
Event: 28,390 loading class org/eclipse/sisu/plexus/PlexusLifecycleManager$1 done
Event: 28,418 Executing VM operation: ParallelGCFailedAllocation


Dynamic libraries:
00400000-00401000 r-xp 00000000 08:14 3942262                            /usr/lib/jvm/java-8-oracle/bin/java
00600000-00601000 rw-p 00000000 08:14 3942262                            /usr/lib/jvm/java-8-oracle/bin/java
01a15000-01a36000 rw-p 00000000 00:00 0                                  [heap]
a4800000-a8580000 rw-p 00000000 00:00 0 
a8580000-e1800000 ---p 00000000 00:00 0 
e1800000-e4e00000 rw-p 00000000 00:00 0 
e7d00000-100000000 ---p 00000000 00:00 0 
100000000-1001e0000 rw-p 00000000 00:00 0 
1001e0000-140000000 ---p 00000000 00:00 0 
7f1840000000-7f1840021000 rw-p 00000000 00:00 0 
7f1840021000-7f1844000000 ---p 00000000 00:00 0 
7f1844000000-7f1844021000 rw-p 00000000 00:00 0 
7f1844021000-7f1848000000 ---p 00000000 00:00 0 
7f1848000000-7f1848620000 rw-p 00000000 00:00 0 
7f1848620000-7f184c000000 ---p 00000000 00:00 0 
7f184c000000-7f184c4d2000 rw-p 00000000 00:00 0 
7f184c4d2000-7f1850000000 ---p 00000000 00:00 0 
7f1850000000-7f1850021000 rw-p 00000000 00:00 0 
7f1850021000-7f1854000000 ---p 00000000 00:00 0 
7f1854000000-7f18544ff000 rw-p 00000000 00:00 0 
7f18544ff000-7f1858000000 ---p 00000000 00:00 0 
7f1858000000-7f1858021000 rw-p 00000000 00:00 0 
7f1858021000-7f185c000000 ---p 00000000 00:00 0 
7f185c000000-7f185c021000 rw-p 00000000 00:00 0 
7f185c021000-7f1860000000 ---p 00000000 00:00 0 
7f1860000000-7f1860021000 rw-p 00000000 00:00 0 
7f1860021000-7f1864000000 ---p 00000000 00:00 0 
7f1864000000-7f1864293000 rw-p 00000000 00:00 0 
7f1864293000-7f1868000000 ---p 00000000 00:00 0 
7f1868000000-7f1868021000 rw-p 00000000 00:00 0 
7f1868021000-7f186c000000 ---p 00000000 00:00 0 
7f186ebb0000-7f186ec30000 rw-p 00000000 00:00 0 
7f186ec30000-7f186edb0000 ---p 00000000 00:00 0 
7f186edb0000-7f186efb0000 rw-p 00000000 00:00 0 
7f186efb0000-7f186f1b0000 rw-p 00000000 00:00 0 
7f186f1b0000-7f186f1bd000 r--s 0008b000 08:14 4203539                    /usr/share/java/maven3-core.jar
7f186f1bd000-7f186f1e9000 r--s 00208000 08:14 4203418                    /usr/share/java/guava.jar
7f186f1e9000-7f186f1ea000 ---p 00000000 00:00 0 
7f186f1ea000-7f186f2ea000 rw-p 00000000 00:00 0 
7f186f2ea000-7f186f2ed000 ---p 00000000 00:00 0 
7f186f2ed000-7f186f3eb000 rw-p 00000000 00:00 0 
7f186f3eb000-7f186f3ee000 ---p 00000000 00:00 0 
7f186f3ee000-7f186f4ec000 rw-p 00000000 00:00 0 
7f186f4ec000-7f186f4ef000 ---p 00000000 00:00 0 
7f186f4ef000-7f186f5ed000 rw-p 00000000 00:00 0 
7f186f5ed000-7f186f5f0000 ---p 00000000 00:00 0 
7f186f5f0000-7f186f6ee000 rw-p 00000000 00:00 0 
7f186f6ee000-7f186f6f1000 ---p 00000000 00:00 0 
7f186f6f1000-7f186f7ef000 rw-p 00000000 00:00 0 
7f186f7ef000-7f186fbfc000 r--p 00000000 08:14 3670126                    /usr/lib/locale/locale-archive
7f186fbfc000-7f186fbff000 ---p 00000000 00:00 0 
7f186fbff000-7f186fcfd000 rw-p 00000000 00:00 0 
7f186fcfd000-7f186fd00000 ---p 00000000 00:00 0 
7f186fd00000-7f186fdfe000 rw-p 00000000 00:00 0 
7f186fdfe000-7f186fdff000 ---p 00000000 00:00 0 
7f186fdff000-7f1870000000 rw-p 00000000 00:00 0 
7f1870000000-7f1870021000 rw-p 00000000 00:00 0 
7f1870021000-7f1874000000 ---p 00000000 00:00 0 
7f1874004000-7f1874009000 r--s 0009d000 08:14 4337816                    /usr/lib/jvm/java-8-oracle/jre/lib/jsse.jar
7f1874009000-7f1874036000 r--s 001cb000 08:14 4203488                    /usr/share/java/wagon-http-shaded-2.x.jar
7f1874036000-7f1878000000 rw-p 00000000 00:00 0 
7f1878000000-7f1878021000 rw-p 00000000 00:00 0 
7f1878021000-7f187c000000 ---p 00000000 00:00 0 
7f187c003000-7f187c004000 r--s 00002000 08:14 4203537                    /usr/share/java/maven3-builder-support.jar
7f187c004000-7f187c006000 r--s 0000a000 08:14 4203399                    /usr/share/java/commons-cli.jar
7f187c006000-7f187c008000 r--s 0000a000 08:14 4203543                    /usr/share/java/maven3-plugin-api.jar
7f187c008000-7f187c00a000 r--s 00007000 08:14 4203453                    /usr/share/java/jansi.jar
7f187c00a000-7f187c00c000 r--s 00006000 08:14 4203530                    /usr/share/java/plexus-sec-dispatcher.jar
7f187c00c000-7f187c00d000 r--s 00000000 08:14 4203390                    /usr/share/java/geronimo-interceptor-3.0-spec-1.0.1.jar
7f187c00d000-7f187c00f000 r--s 00012000 08:14 4203393                    /usr/share/java/el-api-3.0.jar
7f187c00f000-7f187c010000 r--s 00000000 08:14 4203386                    /usr/share/java/atinject-jsr330-api-1.0.jar
7f187c010000-7f187c014000 r--s 0000d000 08:14 4203397                    /usr/share/java/cdi-api.jar
7f187c014000-7f187c015000 r--s 00000000 08:14 4203386                    /usr/share/java/atinject-jsr330-api-1.0.jar
7f187c015000-7f187c01c000 r--s 00054000 08:14 4203532                    /usr/share/java/sisu-inject.jar
7f187c01c000-7f187c02a000 r--s 0009a000 08:14 4203430                    /usr/share/java/guice.jar
7f187c02a000-7f187c02e000 r--s 00028000 08:14 4203503                    /usr/share/java/maven-resolver-impl.jar
7f187c02e000-7f187c032000 r--s 00022000 08:14 4203510                    /usr/share/java/maven-resolver-util.jar
7f187c032000-7f187c4e8000 rw-p 00000000 00:00 0 
7f187c4e8000-7f187c6c2000 r--s 03d6b000 08:14 4337811                    /usr/lib/jvm/java-8-oracle/jre/lib/rt.jar
7f187c6c2000-7f187ca14000 rw-p 00000000 00:00 0 
7f187ca14000-7f187ca15000 ---p 00000000 00:00 0 
7f187ca15000-7f187cb15000 rw-p 00000000 00:00 0 
7f187cb15000-7f187cb16000 ---p 00000000 00:00 0 
7f187cb16000-7f187cc16000 rw-p 00000000 00:00 0 
7f187cc16000-7f187cc17000 ---p 00000000 00:00 0 
7f187cc17000-7f187cd17000 rw-p 00000000 00:00 0 
7f187cd17000-7f187cd18000 ---p 00000000 00:00 0 
7f187cd18000-7f187ce37000 rw-p 00000000 00:00 0 
7f187ce37000-7f187d000000 ---p 00000000 00:00 0 
7f187d000000-7f187d600000 rwxp 00000000 00:00 0 
7f187d600000-7f188c000000 ---p 00000000 00:00 0 
7f188c000000-7f188c76d000 rw-p 00000000 00:00 0 
7f188c76d000-7f1890000000 ---p 00000000 00:00 0 
7f1890000000-7f1890001000 r--s 0000a000 08:14 4203547                    /usr/share/java/maven3-settings.jar
7f1890001000-7f1890003000 r--s 0000b000 08:14 4203490                    /usr/share/java/wagon-provider-api-2.x.jar
7f1890003000-7f1890008000 r--s 00026000 08:14 4203541                    /usr/share/java/maven3-model-builder.jar
7f1890008000-7f189000e000 r--s 0002d000 08:14 4203534                    /usr/share/java/sisu-plexus.jar
7f189000e000-7f1890011000 r--s 0000a000 08:14 4203536                    /usr/share/java/maven3-artifact.jar
7f1890011000-7f1890015000 r--s 00023000 08:14 4203521                    /usr/share/java/maven-shared-utils.jar
7f1890015000-7f1890018000 r--s 00011000 08:14 4203528                    /usr/share/java/plexus-interpolation.jar
7f1890018000-7f1890020000 r--s 00068000 08:14 4203406                    /usr/share/java/commons-lang3.jar
7f1890020000-7f1890060000 rw-p 00000000 00:00 0 
7f1890060000-7f1890229000 ---p 00000000 00:00 0 
7f1890229000-7f1890244000 rw-p 00000000 00:00 0 
7f1890244000-7f189031d000 ---p 00000000 00:00 0 
7f189031d000-7f1890336000 rw-p 00000000 00:00 0 
7f1890336000-7f18906de000 ---p 00000000 00:00 0 
7f18906de000-7f18906f9000 r-xp 00000000 08:14 4337867                    /usr/lib/jvm/java-8-oracle/jre/lib/amd64/libzip.so
7f18906f9000-7f18908f9000 ---p 0001b000 08:14 4337867                    /usr/lib/jvm/java-8-oracle/jre/lib/amd64/libzip.so
7f18908f9000-7f18908fa000 rw-p 0001b000 08:14 4337867                    /usr/lib/jvm/java-8-oracle/jre/lib/amd64/libzip.so
7f18908fa000-7f1890905000 r-xp 00000000 08:14 6821347                    /lib/x86_64-linux-gnu/libnss_files-2.26.so
7f1890905000-7f1890b04000 ---p 0000b000 08:14 6821347                    /lib/x86_64-linux-gnu/libnss_files-2.26.so
7f1890b04000-7f1890b05000 r--p 0000a000 08:14 6821347                    /lib/x86_64-linux-gnu/libnss_files-2.26.so
7f1890b05000-7f1890b06000 rw-p 0000b000 08:14 6821347                    /lib/x86_64-linux-gnu/libnss_files-2.26.so
7f1890b06000-7f1890b0c000 rw-p 00000000 00:00 0 
7f1890b0c000-7f1890b17000 r-xp 00000000 08:14 6821403                    /lib/x86_64-linux-gnu/libnss_nis-2.26.so
7f1890b17000-7f1890d16000 ---p 0000b000 08:14 6821403                    /lib/x86_64-linux-gnu/libnss_nis-2.26.so
7f1890d16000-7f1890d17000 r--p 0000a000 08:14 6821403                    /lib/x86_64-linux-gnu/libnss_nis-2.26.so
7f1890d17000-7f1890d18000 rw-p 0000b000 08:14 6821403                    /lib/x86_64-linux-gnu/libnss_nis-2.26.so
7f1890d18000-7f1890d2f000 r-xp 00000000 08:14 6821325                    /lib/x86_64-linux-gnu/libnsl-2.26.so
7f1890d2f000-7f1890f2e000 ---p 00017000 08:14 6821325                    /lib/x86_64-linux-gnu/libnsl-2.26.so
7f1890f2e000-7f1890f2f000 r--p 00016000 08:14 6821325                    /lib/x86_64-linux-gnu/libnsl-2.26.so
7f1890f2f000-7f1890f30000 rw-p 00017000 08:14 6821325                    /lib/x86_64-linux-gnu/libnsl-2.26.so
7f1890f30000-7f1890f32000 rw-p 00000000 00:00 0 
7f1890f32000-7f1890f3a000 r-xp 00000000 08:14 6821332                    /lib/x86_64-linux-gnu/libnss_compat-2.26.so
7f1890f3a000-7f1891139000 ---p 00008000 08:14 6821332                    /lib/x86_64-linux-gnu/libnss_compat-2.26.so
7f1891139000-7f189113a000 r--p 00007000 08:14 6821332                    /lib/x86_64-linux-gnu/libnss_compat-2.26.so
7f189113a000-7f189113b000 rw-p 00008000 08:14 6821332                    /lib/x86_64-linux-gnu/libnss_compat-2.26.so
7f189113b000-7f1891166000 r-xp 00000000 08:14 4337861                    /usr/lib/jvm/java-8-oracle/jre/lib/amd64/libjava.so
7f1891166000-7f1891365000 ---p 0002b000 08:14 4337861                    /usr/lib/jvm/java-8-oracle/jre/lib/amd64/libjava.so
7f1891365000-7f1891367000 rw-p 0002a000 08:14 4337861                    /usr/lib/jvm/java-8-oracle/jre/lib/amd64/libjava.so
7f1891367000-7f1891374000 r-xp 00000000 08:14 4337866                    /usr/lib/jvm/java-8-oracle/jre/lib/amd64/libverify.so
7f1891374000-7f1891574000 ---p 0000d000 08:14 4337866                    /usr/lib/jvm/java-8-oracle/jre/lib/amd64/libverify.so
7f1891574000-7f1891576000 rw-p 0000d000 08:14 4337866                    /usr/lib/jvm/java-8-oracle/jre/lib/amd64/libverify.so
7f1891576000-7f189157d000 r-xp 00000000 08:14 6823511                    /lib/x86_64-linux-gnu/librt-2.26.so
7f189157d000-7f189177c000 ---p 00007000 08:14 6823511                    /lib/x86_64-linux-gnu/librt-2.26.so
7f189177c000-7f189177d000 r--p 00006000 08:14 6823511                    /lib/x86_64-linux-gnu/librt-2.26.so
7f189177d000-7f189177e000 rw-p 00007000 08:14 6823511                    /lib/x86_64-linux-gnu/librt-2.26.so
7f189177e000-7f18918d3000 r-xp 00000000 08:14 6821307                    /lib/x86_64-linux-gnu/libm-2.26.so
7f18918d3000-7f1891ad2000 ---p 00155000 08:14 6821307                    /lib/x86_64-linux-gnu/libm-2.26.so
7f1891ad2000-7f1891ad3000 r--p 00154000 08:14 6821307                    /lib/x86_64-linux-gnu/libm-2.26.so
7f1891ad3000-7f1891ad4000 rw-p 00155000 08:14 6821307                    /lib/x86_64-linux-gnu/libm-2.26.so
7f1891ad4000-7f18927b0000 r-xp 00000000 08:14 4595444                    /usr/lib/jvm/java-8-oracle/jre/lib/amd64/server/libjvm.so
7f18927b0000-7f18929b0000 ---p 00cdc000 08:14 4595444                    /usr/lib/jvm/java-8-oracle/jre/lib/amd64/server/libjvm.so
7f18929b0000-7f1892a8a000 rw-p 00cdc000 08:14 4595444                    /usr/lib/jvm/java-8-oracle/jre/lib/amd64/server/libjvm.so
7f1892a8a000-7f1892ad5000 rw-p 00000000 00:00 0 
7f1892ad5000-7f1892cab000 r-xp 00000000 08:14 6821244                    /lib/x86_64-linux-gnu/libc-2.26.so
7f1892cab000-7f1892eab000 ---p 001d6000 08:14 6821244                    /lib/x86_64-linux-gnu/libc-2.26.so
7f1892eab000-7f1892eaf000 r--p 001d6000 08:14 6821244                    /lib/x86_64-linux-gnu/libc-2.26.so
7f1892eaf000-7f1892eb1000 rw-p 001da000 08:14 6821244                    /lib/x86_64-linux-gnu/libc-2.26.so
7f1892eb1000-7f1892eb5000 rw-p 00000000 00:00 0 
7f1892eb5000-7f1892eb8000 r-xp 00000000 08:14 6821306                    /lib/x86_64-linux-gnu/libdl-2.26.so
7f1892eb8000-7f18930b7000 ---p 00003000 08:14 6821306                    /lib/x86_64-linux-gnu/libdl-2.26.so
7f18930b7000-7f18930b8000 r--p 00002000 08:14 6821306                    /lib/x86_64-linux-gnu/libdl-2.26.so
7f18930b8000-7f18930b9000 rw-p 00003000 08:14 6821306                    /lib/x86_64-linux-gnu/libdl-2.26.so
7f18930b9000-7f18930cf000 r-xp 00000000 08:14 4203585                    /usr/lib/jvm/java-8-oracle/lib/amd64/jli/libjli.so
7f18930cf000-7f18932ce000 ---p 00016000 08:14 4203585                    /usr/lib/jvm/java-8-oracle/lib/amd64/jli/libjli.so
7f18932ce000-7f18932cf000 rw-p 00015000 08:14 4203585                    /usr/lib/jvm/java-8-oracle/lib/amd64/jli/libjli.so
7f18932cf000-7f18932e9000 r-xp 00000000 08:14 6821429                    /lib/x86_64-linux-gnu/libpthread-2.26.so
7f18932e9000-7f18934e8000 ---p 0001a000 08:14 6821429                    /lib/x86_64-linux-gnu/libpthread-2.26.so
7f18934e8000-7f18934e9000 r--p 00019000 08:14 6821429                    /lib/x86_64-linux-gnu/libpthread-2.26.so
7f18934e9000-7f18934ea000 rw-p 0001a000 08:14 6821429                    /lib/x86_64-linux-gnu/libpthread-2.26.so
7f18934ea000-7f18934ee000 rw-p 00000000 00:00 0 
7f18934ee000-7f1893515000 r-xp 00000000 08:14 6815827                    /lib/x86_64-linux-gnu/ld-2.26.so
7f1893515000-7f1893516000 r--s 00004000 08:14 4203548                    /usr/share/java/maven3-slf4j-provider.jar
7f1893516000-7f189351a000 r--s 0003b000 08:14 4203482                    /usr/share/java/plexus-utils2.jar
7f189351a000-7f189351c000 r--s 00005000 08:14 4203509                    /usr/share/java/maven-resolver-transport-wagon.jar
7f189351c000-7f189351d000 r--s 00001000 08:14 4203484                    /usr/share/java/wagon-file-2.x.jar
7f189351d000-7f189351f000 r--s 0000e000 08:14 4203545                    /usr/share/java/maven3-resolver-provider.jar
7f189351f000-7f1893521000 r--s 00006000 08:14 4203504                    /usr/share/java/maven-resolver-spi.jar
7f1893521000-7f1893526000 r--s 0002e000 08:14 4203404                    /usr/share/java/commons-io.jar
7f1893526000-7f1893528000 r--s 00000000 08:14 4203525                    /usr/share/java/plexus-component-annotations-1.5.jar
7f1893528000-7f189352a000 r--s 00008000 08:14 4203546                    /usr/share/java/maven3-settings-builder.jar
7f189352a000-7f189352c000 r--s 00008000 08:14 4203502                    /usr/share/java/maven-resolver-connector-basic.jar
7f189352c000-7f1893532000 r--s 00042000 08:14 4203538                    /usr/share/java/maven3-compat.jar
7f1893532000-7f1893534000 r--s 00001000 08:14 4203420                    /usr/share/java/aopalliance-1.0.jar
7f1893534000-7f18935f5000 rw-p 00000000 00:00 0 
7f18935f5000-7f18935f8000 ---p 00000000 00:00 0 
7f18935f8000-7f18936fa000 rw-p 00000000 00:00 0 
7f18936fa000-7f18936fb000 r--s 00006000 08:14 4203544                    /usr/share/java/maven3-repository-metadata.jar
7f18936fb000-7f18936fe000 r--s 00027000 08:14 4203542                    /usr/share/java/maven3-model.jar
7f18936fe000-7f1893701000 r--s 00015000 08:14 4203540                    /usr/share/java/maven3-embedder.jar
7f1893701000-7f1893703000 r--s 00003000 08:14 4203458                    /usr/share/java/jcl-over-slf4j.jar
7f1893703000-7f1893704000 r--s 00009000 08:14 4203461                    /usr/share/java/slf4j-api.jar
7f1893704000-7f1893708000 r--s 0001f000 08:14 4203501                    /usr/share/java/maven-resolver-api.jar
7f1893708000-7f1893709000 r--s 00003000 08:14 4203523                    /usr/share/java/plexus-cipher.jar
7f1893709000-7f189370b000 r--s 0000b000 08:14 4203478                    /usr/share/java/plexus-classworlds.jar
7f189370b000-7f1893713000 rw-s 00000000 08:14 2890024                    /tmp/hsperfdata_dmitry/9628
7f1893713000-7f1893714000 rw-p 00000000 00:00 0 
7f1893714000-7f1893715000 ---p 00000000 00:00 0 
7f1893715000-7f1893716000 r--p 00027000 08:14 6815827                    /lib/x86_64-linux-gnu/ld-2.26.so
7f1893716000-7f1893717000 rw-p 00028000 08:14 6815827                    /lib/x86_64-linux-gnu/ld-2.26.so
7f1893717000-7f1893718000 rw-p 00000000 00:00 0 
7fff7b1d6000-7fff7b1f8000 rw-p 00000000 00:00 0                          [stack]
7fff7b1fb000-7fff7b1fe000 r--p 00000000 00:00 0                          [vvar]
7fff7b1fe000-7fff7b200000 r-xp 00000000 00:00 0                          [vdso]
ffffffffff600000-ffffffffff601000 r-xp 00000000 00:00 0                  [vsyscall]

VM Arguments:
jvm_args: -Dclassworlds.conf=/usr/share/maven/bin/m2.conf -Dmaven.home=/usr/share/maven -Dmaven.multiModuleProjectDirectory=/home/dmitry/Desktop/softwerke_prac/Stage 5/news_stat 
java_command: org.codehaus.plexus.classworlds.launcher.Launcher package
java_class_path (initial): /usr/share/maven/boot/plexus-classworlds-2.x.jar
Launcher Type: SUN_STANDARD

Environment Variables:
JAVA_HOME=/usr/lib/jvm/java-8-oracle
PATH=/home/dmitry/.cabal/bin:/home/dmitry/perl5/perlbrew/bin:/home/dmitry/perl5/perlbrew/perls/perl-5.28.0/bin:/home/dmitry/anaconda3/bin:/usr/local/sbin:/usr/local/bin:/usr/sbin:/usr/bin:/sbin:/bin:/usr/games:/usr/local/games:/snap/bin:/usr/lib/jvm/java-8-oracle/bin:/usr/lib/jvm/java-8-oracle/db/bin:/usr/lib/jvm/java-8-oracle/jre/bin
USERNAME=dmitry
SHELL=/bin/bash
DISPLAY=:0

Signal Handlers:
SIGSEGV: [libjvm.so+0xad2a40], sa_mask[0]=11111111011111111101111111111110, sa_flags=SA_RESTART|SA_SIGINFO
SIGBUS: [libjvm.so+0xad2a40], sa_mask[0]=11111111011111111101111111111110, sa_flags=SA_RESTART|SA_SIGINFO
SIGFPE: [libjvm.so+0x92a610], sa_mask[0]=11111111011111111101111111111110, sa_flags=SA_RESTART|SA_SIGINFO
SIGPIPE: [libjvm.so+0x92a610], sa_mask[0]=11111111011111111101111111111110, sa_flags=SA_RESTART|SA_SIGINFO
SIGXFSZ: [libjvm.so+0x92a610], sa_mask[0]=11111111011111111101111111111110, sa_flags=SA_RESTART|SA_SIGINFO
SIGILL: [libjvm.so+0x92a610], sa_mask[0]=11111111011111111101111111111110, sa_flags=SA_RESTART|SA_SIGINFO
SIGUSR1: SIG_DFL, sa_mask[0]=00000000000000000000000000000000, sa_flags=none
SIGUSR2: [libjvm.so+0x92be70], sa_mask[0]=00000000000000000000000000000000, sa_flags=SA_RESTART|SA_SIGINFO
SIGHUP: [libjvm.so+0x92d270], sa_mask[0]=11111111011111111101111111111110, sa_flags=SA_RESTART|SA_SIGINFO
SIGINT: [libjvm.so+0x92d270], sa_mask[0]=11111111011111111101111111111110, sa_flags=SA_RESTART|SA_SIGINFO
SIGTERM: [libjvm.so+0x92d270], sa_mask[0]=11111111011111111101111111111110, sa_flags=SA_RESTART|SA_SIGINFO
SIGQUIT: [libjvm.so+0x92d270], sa_mask[0]=11111111011111111101111111111110, sa_flags=SA_RESTART|SA_SIGINFO


---------------  S Y S T E M  ---------------

OS:DISTRIB_ID=Ubuntu
DISTRIB_RELEASE=17.10
DISTRIB_CODENAME=artful
DISTRIB_DESCRIPTION="Ubuntu 17.10"

uname:Linux 4.13.0-46-generic #51-Ubuntu SMP Tue Jun 12 12:36:29 UTC 2018 x86_64
libc:glibc 2.26 NPTL 2.26 
rlimit: STACK 8192k, CORE 0k, NPROC 22373, NOFILE 4096, AS infinity
load average:7,25 2,42 1,51

/proc/meminfo:
MemTotal:        5993596 kB
MemFree:          100236 kB
MemAvailable:       1192 kB
Buffers:             848 kB
Cached:           449108 kB
SwapCached:         1136 kB
Active:          4858840 kB
Inactive:         706876 kB
Active(anon):    4848864 kB
Inactive(anon):   692776 kB
Active(file):       9976 kB
Inactive(file):    14100 kB
Unevictable:         184 kB
Mlocked:             184 kB
SwapTotal:       2097148 kB
SwapFree:              0 kB
Dirty:                76 kB
Writeback:            28 kB
AnonPages:       5115432 kB
Mapped:            94588 kB
Shmem:            425756 kB
Slab:             119760 kB
SReclaimable:      44116 kB
SUnreclaim:        75644 kB
KernelStack:       17728 kB
PageTables:        98548 kB
NFS_Unstable:          0 kB
Bounce:                0 kB
WritebackTmp:          0 kB
CommitLimit:     5093944 kB
Committed_AS:   18150132 kB
VmallocTotal:   34359738367 kB
VmallocUsed:           0 kB
VmallocChunk:          0 kB
HardwareCorrupted:     0 kB
AnonHugePages:         0 kB
ShmemHugePages:        0 kB
ShmemPmdMapped:        0 kB
CmaTotal:              0 kB
CmaFree:               0 kB
HugePages_Total:       0
HugePages_Free:        0
HugePages_Rsvd:        0
HugePages_Surp:        0
Hugepagesize:       2048 kB
DirectMap4k:      420088 kB
DirectMap2M:     5761024 kB
DirectMap1G:     1048576 kB


CPU:total 4 (initial active 4) (2 cores per cpu, 2 threads per core) family 6 model 78 stepping 3, cmov, cx8, fxsr, mmx, sse, sse2, sse3, ssse3, sse4.1, sse4.2, popcnt, avx, avx2, aes, clmul, erms, 3dnowpref, lzcnt, ht, tsc, tscinvbit, bmi1, bmi2, adx

/proc/cpuinfo:
processor	: 0
vendor_id	: GenuineIntel
cpu family	: 6
model		: 78
model name	: Intel(R) Core(TM) i7-6500U CPU @ 2.50GHz
stepping	: 3
microcode	: 0xc2
cpu MHz		: 2935.413
cache size	: 4096 KB
physical id	: 0
siblings	: 4
core id		: 0
cpu cores	: 2
apicid		: 0
initial apicid	: 0
fpu		: yes
fpu_exception	: yes
cpuid level	: 22
wp		: yes
flags		: fpu vme de pse tsc msr pae mce cx8 apic sep mtrr pge mca cmov pat pse36 clflush dts acpi mmx fxsr sse sse2 ss ht tm pbe syscall nx pdpe1gb rdtscp lm constant_tsc art arch_perfmon pebs bts rep_good nopl xtopology nonstop_tsc cpuid aperfmperf tsc_known_freq pni pclmulqdq dtes64 monitor ds_cpl vmx est tm2 ssse3 sdbg fma cx16 xtpr pdcm pcid sse4_1 sse4_2 x2apic movbe popcnt tsc_deadline_timer aes xsave avx f16c rdrand lahf_lm abm 3dnowprefetch cpuid_fault epb invpcid_single pti retpoline intel_pt rsb_ctxsw spec_ctrl tpr_shadow vnmi flexpriority ept vpid fsgsbase tsc_adjust bmi1 avx2 smep bmi2 erms invpcid mpx rdseed adx smap clflushopt xsaveopt xsavec xgetbv1 xsaves dtherm ida arat pln pts hwp hwp_notify hwp_act_window hwp_epp
bugs		: cpu_meltdown spectre_v1 spectre_v2 spec_store_bypass
bogomips	: 5184.00
clflush size	: 64
cache_alignment	: 64
address sizes	: 39 bits physical, 48 bits virtual
power management:

processor	: 1
vendor_id	: GenuineIntel
cpu family	: 6
model		: 78
model name	: Intel(R) Core(TM) i7-6500U CPU @ 2.50GHz
stepping	: 3
microcode	: 0xc2
cpu MHz		: 2867.694
cache size	: 4096 KB
physical id	: 0
siblings	: 4
core id		: 1
cpu cores	: 2
apicid		: 2
initial apicid	: 2
fpu		: yes
fpu_exception	: yes
cpuid level	: 22
wp		: yes
flags		: fpu vme de pse tsc msr pae mce cx8 apic sep mtrr pge mca cmov pat pse36 clflush dts acpi mmx fxsr sse sse2 ss ht tm pbe syscall nx pdpe1gb rdtscp lm constant_tsc art arch_perfmon pebs bts rep_good nopl xtopology nonstop_tsc cpuid aperfmperf tsc_known_freq pni pclmulqdq dtes64 monitor ds_cpl vmx est tm2 ssse3 sdbg fma cx16 xtpr pdcm pcid sse4_1 sse4_2 x2apic movbe popcnt tsc_deadline_timer aes xsave avx f16c rdrand lahf_lm abm 3dnowprefetch cpuid_fault epb invpcid_single pti retpoline intel_pt rsb_ctxsw spec_ctrl tpr_shadow vnmi flexpriority ept vpid fsgsbase tsc_adjust bmi1 avx2 smep bmi2 erms invpcid mpx rdseed adx smap clflushopt xsaveopt xsavec xgetbv1 xsaves dtherm ida arat pln pts hwp hwp_notify hwp_act_window hwp_epp
bugs		: cpu_meltdown spectre_v1 spectre_v2 spec_store_bypass
bogomips	: 5184.00
clflush size	: 64
cache_alignment	: 64
address sizes	: 39 bits physical, 48 bits virtual
power management:

processor	: 2
vendor_id	: GenuineIntel
cpu family	: 6
model		: 78
model name	: Intel(R) Core(TM) i7-6500U CPU @ 2.50GHz
stepping	: 3
microcode	: 0xc2
cpu MHz		: 2919.781
cache size	: 4096 KB
physical id	: 0
siblings	: 4
core id		: 0
cpu cores	: 2
apicid		: 1
initial apicid	: 1
fpu		: yes
fpu_exception	: yes
cpuid level	: 22
wp		: yes
flags		: fpu vme de pse tsc msr pae mce cx8 apic sep mtrr pge mca cmov pat pse36 clflush dts acpi mmx fxsr sse sse2 ss ht tm pbe syscall nx pdpe1gb rdtscp lm constant_tsc art arch_perfmon pebs bts rep_good nopl xtopology nonstop_tsc cpuid aperfmperf tsc_known_freq pni pclmulqdq dtes64 monitor ds_cpl vmx est tm2 ssse3 sdbg fma cx16 xtpr pdcm pcid sse4_1 sse4_2 x2apic movbe popcnt tsc_deadline_timer aes xsave avx f16c rdrand lahf_lm abm 3dnowprefetch cpuid_fault epb invpcid_single pti retpoline intel_pt rsb_ctxsw spec_ctrl tpr_shadow vnmi flexpriority ept vpid fsgsbase tsc_adjust bmi1 avx2 smep bmi2 erms invpcid mpx rdseed adx smap clflushopt xsaveopt xsavec xgetbv1 xsaves dtherm ida arat pln pts hwp hwp_notify hwp_act_window hwp_epp
bugs		: cpu_meltdown spectre_v1 spectre_v2 spec_store_bypass
bogomips	: 5184.00
clflush size	: 64
cache_alignment	: 64
address sizes	: 39 bits physical, 48 bits virtual
power management:

processor	: 3
vendor_id	: GenuineIntel
cpu family	: 6
model		: 78
model name	: Intel(R) Core(TM) i7-6500U CPU @ 2.50GHz
stepping	: 3
microcode	: 0xc2
cpu MHz		: 2846.127
cache size	: 4096 KB
physical id	: 0
siblings	: 4
core id		: 1
cpu cores	: 2
apicid		: 3
initial apicid	: 3
fpu		: yes
fpu_exception	: yes
cpuid level	: 22
wp		: yes
flags		: fpu vme de pse tsc msr pae mce cx8 apic sep mtrr pge mca cmov pat pse36 clflush dts acpi mmx fxsr sse sse2 ss ht tm pbe syscall nx pdpe1gb rdtscp lm constant_tsc art arch_perfmon pebs bts rep_good nopl xtopology nonstop_tsc cpuid aperfmperf tsc_known_freq pni pclmulqdq dtes64 monitor ds_cpl vmx est tm2 ssse3 sdbg fma cx16 xtpr pdcm pcid sse4_1 sse4_2 x2apic movbe popcnt tsc_deadline_timer aes xsave avx f16c rdrand lahf_lm abm 3dnowprefetch cpuid_fault epb invpcid_single pti retpoline intel_pt rsb_ctxsw spec_ctrl tpr_shadow vnmi flexpriority ept vpid fsgsbase tsc_adjust bmi1 avx2 smep bmi2 erms invpcid mpx rdseed adx smap clflushopt xsaveopt xsavec xgetbv1 xsaves dtherm ida arat pln pts hwp hwp_notify hwp_act_window hwp_epp
bugs		: cpu_meltdown spectre_v1 spectre_v2 spec_store_bypass
bogomips	: 5184.00
clflush size	: 64
cache_alignment	: 64
address sizes	: 39 bits physical, 48 bits virtual
power management:



Memory: 4k page, physical 5993596k(100012k free), swap 2097148k(0k free)

vm_info: Java HotSpot(TM) 64-Bit Server VM (25.181-b13) for linux-amd64 JRE (1.8.0_181-b13), built on Jul  7 2018 00:56:38 by "java_re" with gcc 4.3.0 20080428 (Red Hat 4.3.0-8)

time: Wed Feb 20 01:12:52 2019
elapsed time: 28 seconds (0d 0h 0m 28s)

